AndroidBootstrap/build/intermediates/manifest_merge_blame_file/release/manifest-merger-blame-release-report.txt
1<?xml version="1.0" encoding="utf-8"?>
2<manifest xmlns:android="http://schemas.android.com/apk/res/android"
3    package="com.beardedhen.androidbootstrap"
4    android:versionName="1.3.60" >
5
6    <uses-sdk
7        android:minSdkVersion="14"
7-->src\main\AndroidManifest.xml
8        android:targetSdkVersion="28" />
8-->src\main\AndroidManifest.xml
9
10</manifest>